Flow report for X68KeplerX
Mon Dec 12 00:34:43 2022
Quartus Prime Version 21.1.0 Build 842 10/21/2021 SJ Lite Edition


---------------------
; Table of Contents ;
---------------------
  1. Legal Notice
  2. Flow Summary
  3. Flow Settings
  4. Flow Non-Default Global Settings
  5. Flow Elapsed Time
  6. Flow OS Summary
  7. Flow Log
  8. Flow Messages
  9. Flow Suppressed Messages



----------------
; Legal Notice ;
----------------
Copyright (C) 2021  Intel Corporation. All rights reserved.
Your use of Intel Corporation's design tools, logic functions 
and other software and tools, and any partner logic 
functions, and any output files from any of the foregoing 
(including device programming or simulation files), and any 
associated documentation or information are expressly subject 
to the terms and conditions of the Intel Program License 
Subscription Agreement, the Intel Quartus Prime License Agreement,
the Intel FPGA IP License Agreement, or other applicable license
agreement, including, without limitation, that your use is for
the sole purpose of programming logic devices manufactured by
Intel and sold by Intel or its authorized distributors.  Please
refer to the applicable agreement for further details, at
https://fpgasoftware.intel.com/eula.



+----------------------------------------------------------------------------------+
; Flow Summary                                                                     ;
+------------------------------------+---------------------------------------------+
; Flow Status                        ; Successful - Mon Dec 12 00:34:37 2022       ;
; Quartus Prime Version              ; 21.1.0 Build 842 10/21/2021 SJ Lite Edition ;
; Revision Name                      ; X68KeplerX                                  ;
; Top-level Entity Name              ; X68KeplerX                                  ;
; Family                             ; Cyclone IV E                                ;
; Device                             ; EP4CE22F17C6                                ;
; Timing Models                      ; Final                                       ;
; Total logic elements               ; 14,611 / 22,320 ( 65 % )                    ;
;     Total combinational functions  ; 11,544 / 22,320 ( 52 % )                    ;
;     Dedicated logic registers      ; 7,897 / 22,320 ( 35 % )                     ;
; Total registers                    ; 7897                                        ;
; Total pins                         ; 154 / 154 ( 100 % )                         ;
; Total virtual pins                 ; 0                                           ;
; Total memory bits                  ; 156,866 / 608,256 ( 26 % )                  ;
; Embedded Multiplier 9-bit elements ; 4 / 132 ( 3 % )                             ;
; Total PLLs                         ; 4 / 4 ( 100 % )                             ;
+------------------------------------+---------------------------------------------+


+-----------------------------------------+
; Flow Settings                           ;
+-------------------+---------------------+
; Option            ; Setting             ;
+-------------------+---------------------+
; Start date & time ; 12/12/2022 00:32:40 ;
; Main task         ; Compilation         ;
; Revision Name     ; X68KeplerX          ;
+-------------------+---------------------+


+-----------------------------------------------------------------------------------------------------------------------------------------------------------------------------------------------------------------------------------------------------------------------------------------------------------------------------+
; Flow Non-Default Global Settings                                                                                                                                                                                                                                                                                            ;
+-------------------------------------+-------------------------------------------------------------------------------------------------------------------------------------------------------------------------------------------------------------------------------------------+---------------+-------------+-------------+
; Assignment Name                     ; Value                                                                                                                                                                                                                                     ; Default Value ; Entity Name ; Section Id  ;
+-------------------------------------+-------------------------------------------------------------------------------------------------------------------------------------------------------------------------------------------------------------------------------------------+---------------+-------------+-------------+
; COMPILER_SIGNATURE_ID               ; 121383154786.167077276013840                                                                                                                                                                                                              ; --            ; --          ; --          ;
; ENABLE_SIGNALTAP                    ; On                                                                                                                                                                                                                                        ; --            ; --          ; --          ;
; MAX_CORE_JUNCTION_TEMP              ; 85                                                                                                                                                                                                                                        ; --            ; --          ; --          ;
; MIN_CORE_JUNCTION_TEMP              ; 0                                                                                                                                                                                                                                         ; --            ; --          ; --          ;
; MISC_FILE                           ; RTL/pllpcm.cmp                                                                                                                                                                                                                            ; --            ; --          ; --          ;
; MISC_FILE                           ; RTL/pllpcm.ppf                                                                                                                                                                                                                            ; --            ; --          ; --          ;
; MISC_FILE                           ; RTL/plldvi.cmp                                                                                                                                                                                                                            ; --            ; --          ; --          ;
; MISC_FILE                           ; RTL/plldvi.ppf                                                                                                                                                                                                                            ; --            ; --          ; --          ;
; MISC_FILE                           ; RTL/pllmain_inst.vhd                                                                                                                                                                                                                      ; --            ; --          ; --          ;
; MISC_FILE                           ; RTL/pllmain.cmp                                                                                                                                                                                                                           ; --            ; --          ; --          ;
; MISC_FILE                           ; RTL/pllmain.ppf                                                                                                                                                                                                                           ; --            ; --          ; --          ;
; MISC_FILE                           ; RTL/adpcm/tbl6258.cmp                                                                                                                                                                                                                     ; --            ; --          ; --          ;
; MISC_FILE                           ; RTL/pllpcm44k1.cmp                                                                                                                                                                                                                        ; --            ; --          ; --          ;
; MISC_FILE                           ; RTL/pllpcm44k1.ppf                                                                                                                                                                                                                        ; --            ; --          ; --          ;
; PARTITION_COLOR                     ; -- (Not supported for targeted family)                                                                                                                                                                                                    ; --            ; --          ; Top         ;
; PARTITION_FITTER_PRESERVATION_LEVEL ; -- (Not supported for targeted family)                                                                                                                                                                                                    ; --            ; --          ; Top         ;
; PARTITION_NETLIST_TYPE              ; -- (Not supported for targeted family)                                                                                                                                                                                                    ; --            ; --          ; Top         ;
; POWER_BOARD_THERMAL_MODEL           ; None (CONSERVATIVE)                                                                                                                                                                                                                       ; --            ; --          ; --          ;
; POWER_PRESET_COOLING_SOLUTION       ; 23 MM HEAT SINK WITH 200 LFPM AIRFLOW                                                                                                                                                                                                     ; --            ; --          ; --          ;
; SLD_FILE                            ; db/stp1_auto_stripped.stp                                                                                                                                                                                                                 ; --            ; --          ; --          ;
; SLD_NODE_CREATOR_ID                 ; 110                                                                                                                                                                                                                                       ; --            ; --          ; pcm_20debug ;
; SLD_NODE_ENTITY_NAME                ; sld_signaltap                                                                                                                                                                                                                             ; --            ; --          ; pcm_20debug ;
; SLD_NODE_PARAMETER_ASSIGNMENT       ; SLD_RAM_BLOCK_TYPE=AUTO                                                                                                                                                                                                                   ; --            ; --          ; pcm_20debug ;
; SLD_NODE_PARAMETER_ASSIGNMENT       ; SLD_DATA_BITS=63                                                                                                                                                                                                                          ; --            ; --          ; pcm_20debug ;
; SLD_NODE_PARAMETER_ASSIGNMENT       ; SLD_TRIGGER_BITS=63                                                                                                                                                                                                                       ; --            ; --          ; pcm_20debug ;
; SLD_NODE_PARAMETER_ASSIGNMENT       ; SLD_STORAGE_QUALIFIER_BITS=63                                                                                                                                                                                                             ; --            ; --          ; pcm_20debug ;
; SLD_NODE_PARAMETER_ASSIGNMENT       ; SLD_NODE_INFO=805334530                                                                                                                                                                                                                   ; --            ; --          ; pcm_20debug ;
; SLD_NODE_PARAMETER_ASSIGNMENT       ; SLD_POWER_UP_TRIGGER=0                                                                                                                                                                                                                    ; --            ; --          ; pcm_20debug ;
; SLD_NODE_PARAMETER_ASSIGNMENT       ; SLD_INVERSION_MASK=0000000000000000000000000000000000000000000000000000000000000000000000000000000000000000000000000000000000000000000000000000000000000000000000000000000000000000000000000000000000000000000000000000000000000000000000 ; --            ; --          ; pcm_20debug ;
; SLD_NODE_PARAMETER_ASSIGNMENT       ; SLD_INVERSION_MASK_LENGTH=214                                                                                                                                                                                                             ; --            ; --          ; pcm_20debug ;
; SLD_NODE_PARAMETER_ASSIGNMENT       ; SLD_STORAGE_QUALIFIER_INVERSION_MASK_LENGTH=0                                                                                                                                                                                             ; --            ; --          ; pcm_20debug ;
; SLD_NODE_PARAMETER_ASSIGNMENT       ; SLD_SEGMENT_SIZE=2048                                                                                                                                                                                                                     ; --            ; --          ; pcm_20debug ;
; SLD_NODE_PARAMETER_ASSIGNMENT       ; SLD_ATTRIBUTE_MEM_MODE=OFF                                                                                                                                                                                                                ; --            ; --          ; pcm_20debug ;
; SLD_NODE_PARAMETER_ASSIGNMENT       ; SLD_STATE_FLOW_USE_GENERATED=0                                                                                                                                                                                                            ; --            ; --          ; pcm_20debug ;
; SLD_NODE_PARAMETER_ASSIGNMENT       ; SLD_STATE_BITS=11                                                                                                                                                                                                                         ; --            ; --          ; pcm_20debug ;
; SLD_NODE_PARAMETER_ASSIGNMENT       ; SLD_BUFFER_FULL_STOP=1                                                                                                                                                                                                                    ; --            ; --          ; pcm_20debug ;
; SLD_NODE_PARAMETER_ASSIGNMENT       ; SLD_CURRENT_RESOURCE_WIDTH=1                                                                                                                                                                                                              ; --            ; --          ; pcm_20debug ;
; SLD_NODE_PARAMETER_ASSIGNMENT       ; SLD_INCREMENTAL_ROUTING=1                                                                                                                                                                                                                 ; --            ; --          ; pcm_20debug ;
; SLD_NODE_PARAMETER_ASSIGNMENT       ; SLD_TRIGGER_LEVEL=1                                                                                                                                                                                                                       ; --            ; --          ; pcm_20debug ;
; SLD_NODE_PARAMETER_ASSIGNMENT       ; SLD_SAMPLE_DEPTH=2048                                                                                                                                                                                                                     ; --            ; --          ; pcm_20debug ;
; SLD_NODE_PARAMETER_ASSIGNMENT       ; SLD_TRIGGER_IN_ENABLED=0                                                                                                                                                                                                                  ; --            ; --          ; pcm_20debug ;
; SLD_NODE_PARAMETER_ASSIGNMENT       ; SLD_TRIGGER_PIPELINE=0                                                                                                                                                                                                                    ; --            ; --          ; pcm_20debug ;
; SLD_NODE_PARAMETER_ASSIGNMENT       ; SLD_RAM_PIPELINE=0                                                                                                                                                                                                                        ; --            ; --          ; pcm_20debug ;
; SLD_NODE_PARAMETER_ASSIGNMENT       ; SLD_COUNTER_PIPELINE=0                                                                                                                                                                                                                    ; --            ; --          ; pcm_20debug ;
; SLD_NODE_PARAMETER_ASSIGNMENT       ; SLD_ADVANCED_TRIGGER_ENTITY=basic,1,                                                                                                                                                                                                      ; --            ; --          ; pcm_20debug ;
; SLD_NODE_PARAMETER_ASSIGNMENT       ; SLD_TRIGGER_LEVEL_PIPELINE=1                                                                                                                                                                                                              ; --            ; --          ; pcm_20debug ;
; SLD_NODE_PARAMETER_ASSIGNMENT       ; SLD_ENABLE_ADVANCED_TRIGGER=0                                                                                                                                                                                                             ; --            ; --          ; pcm_20debug ;
; USE_SIGNALTAP_FILE                  ; stp1.stp                                                                                                                                                                                                                                  ; --            ; --          ; --          ;
+-------------------------------------+-------------------------------------------------------------------------------------------------------------------------------------------------------------------------------------------------------------------------------------------+---------------+-------------+-------------+


+--------------------------------------------------------------------------------------------------------------------------+
; Flow Elapsed Time                                                                                                        ;
+----------------------+--------------+-------------------------+---------------------+------------------------------------+
; Module Name          ; Elapsed Time ; Average Processors Used ; Peak Virtual Memory ; Total CPU Time (on all processors) ;
+----------------------+--------------+-------------------------+---------------------+------------------------------------+
; Analysis & Synthesis ; 00:01:10     ; 1.0                     ; 5026 MB             ; 00:01:22                           ;
; Fitter               ; 00:00:37     ; 1.1                     ; 5746 MB             ; 00:00:48                           ;
; Assembler            ; 00:00:03     ; 1.0                     ; 4761 MB             ; 00:00:03                           ;
; Timing Analyzer      ; 00:00:05     ; 1.2                     ; 4943 MB             ; 00:00:06                           ;
; Total                ; 00:01:55     ; --                      ; --                  ; 00:02:19                           ;
+----------------------+--------------+-------------------------+---------------------+------------------------------------+


+------------------------------------------------------------------------------------+
; Flow OS Summary                                                                    ;
+----------------------+------------------+------------+------------+----------------+
; Module Name          ; Machine Hostname ; OS Name    ; OS Version ; Processor type ;
+----------------------+------------------+------------+------------+----------------+
; Analysis & Synthesis ; OHNAKA-WIN       ; Windows 10 ; 10.0       ; x86_64         ;
; Fitter               ; OHNAKA-WIN       ; Windows 10 ; 10.0       ; x86_64         ;
; Assembler            ; OHNAKA-WIN       ; Windows 10 ; 10.0       ; x86_64         ;
; Timing Analyzer      ; OHNAKA-WIN       ; Windows 10 ; 10.0       ; x86_64         ;
+----------------------+------------------+------------+------------+----------------+


------------
; Flow Log ;
------------
quartus_map --read_settings_files=on --write_settings_files=off X68KeplerX -c X68KeplerX
quartus_fit --read_settings_files=off --write_settings_files=off X68KeplerX -c X68KeplerX
quartus_asm --read_settings_files=off --write_settings_files=off X68KeplerX -c X68KeplerX
quartus_sta X68KeplerX -c X68KeplerX



