Analysis & Synthesis report for X68KeplerX
Mon Aug 15 17:36:10 2022
Quartus Prime Version 21.1.0 Build 842 10/21/2021 SJ Lite Edition


---------------------
; Table of Contents ;
---------------------
  1. Legal Notice
  2. Analysis & Synthesis Summary
  3. Analysis & Synthesis Settings
  4. Parallel Compilation
  5. Analysis & Synthesis Source Files Read
  6. Analysis & Synthesis Resource Usage Summary
  7. Analysis & Synthesis Resource Utilization by Entity
  8. General Register Statistics
  9. Post-Synthesis Netlist Statistics for Top Partition
 10. Elapsed Time Per Partition
 11. Analysis & Synthesis Messages



----------------
; Legal Notice ;
----------------
Copyright (C) 2021  Intel Corporation. All rights reserved.
Your use of Intel Corporation's design tools, logic functions 
and other software and tools, and any partner logic 
functions, and any output files from any of the foregoing 
(including device programming or simulation files), and any 
associated documentation or information are expressly subject 
to the terms and conditions of the Intel Program License 
Subscription Agreement, the Intel Quartus Prime License Agreement,
the Intel FPGA IP License Agreement, or other applicable license
agreement, including, without limitation, that your use is for
the sole purpose of programming logic devices manufactured by
Intel and sold by Intel or its authorized distributors.  Please
refer to the applicable agreement for further details, at
https://fpgasoftware.intel.com/eula.



+----------------------------------------------------------------------------------+
; Analysis & Synthesis Summary                                                     ;
+------------------------------------+---------------------------------------------+
; Analysis & Synthesis Status        ; Successful - Mon Aug 15 17:36:10 2022       ;
; Quartus Prime Version              ; 21.1.0 Build 842 10/21/2021 SJ Lite Edition ;
; Revision Name                      ; X68KeplerX                                  ;
; Top-level Entity Name              ; X68KeplerX                                  ;
; Family                             ; Cyclone IV E                                ;
; Total logic elements               ; 0                                           ;
;     Total combinational functions  ; 0                                           ;
;     Dedicated logic registers      ; 0                                           ;
; Total registers                    ; 0                                           ;
; Total pins                         ; 154                                         ;
; Total virtual pins                 ; 0                                           ;
; Total memory bits                  ; 0                                           ;
; Embedded Multiplier 9-bit elements ; 0                                           ;
; Total PLLs                         ; 0                                           ;
+------------------------------------+---------------------------------------------+


+------------------------------------------------------------------------------------------------------------+
; Analysis & Synthesis Settings                                                                              ;
+------------------------------------------------------------------+--------------------+--------------------+
; Option                                                           ; Setting            ; Default Value      ;
+------------------------------------------------------------------+--------------------+--------------------+
; Device                                                           ; EP4CE22F17C6       ;                    ;
; Top-level entity name                                            ; X68KeplerX         ; X68KeplerX         ;
; Family name                                                      ; Cyclone IV E       ; Cyclone V          ;
; Use smart compilation                                            ; Off                ; Off                ;
; Enable parallel Assembler and Timing Analyzer during compilation ; On                 ; On                 ;
; Enable compact report table                                      ; Off                ; Off                ;
; Restructure Multiplexers                                         ; Auto               ; Auto               ;
; Create Debugging Nodes for IP Cores                              ; Off                ; Off                ;
; Preserve fewer node names                                        ; On                 ; On                 ;
; Intel FPGA IP Evaluation Mode                                    ; Enable             ; Enable             ;
; Verilog Version                                                  ; Verilog_2001       ; Verilog_2001       ;
; VHDL Version                                                     ; VHDL_1993          ; VHDL_1993          ;
; State Machine Processing                                         ; Auto               ; Auto               ;
; Safe State Machine                                               ; Off                ; Off                ;
; Extract Verilog State Machines                                   ; On                 ; On                 ;
; Extract VHDL State Machines                                      ; On                 ; On                 ;
; Ignore Verilog initial constructs                                ; Off                ; Off                ;
; Iteration limit for constant Verilog loops                       ; 5000               ; 5000               ;
; Iteration limit for non-constant Verilog loops                   ; 250                ; 250                ;
; Add Pass-Through Logic to Inferred RAMs                          ; On                 ; On                 ;
; Infer RAMs from Raw Logic                                        ; On                 ; On                 ;
; Parallel Synthesis                                               ; On                 ; On                 ;
; DSP Block Balancing                                              ; Auto               ; Auto               ;
; NOT Gate Push-Back                                               ; On                 ; On                 ;
; Power-Up Don't Care                                              ; On                 ; On                 ;
; Remove Redundant Logic Cells                                     ; Off                ; Off                ;
; Remove Duplicate Registers                                       ; On                 ; On                 ;
; Ignore CARRY Buffers                                             ; Off                ; Off                ;
; Ignore CASCADE Buffers                                           ; Off                ; Off                ;
; Ignore GLOBAL Buffers                                            ; Off                ; Off                ;
; Ignore ROW GLOBAL Buffers                                        ; Off                ; Off                ;
; Ignore LCELL Buffers                                             ; Off                ; Off                ;
; Ignore SOFT Buffers                                              ; On                 ; On                 ;
; Limit AHDL Integers to 32 Bits                                   ; Off                ; Off                ;
; Optimization Technique                                           ; Balanced           ; Balanced           ;
; Carry Chain Length                                               ; 70                 ; 70                 ;
; Auto Carry Chains                                                ; On                 ; On                 ;
; Auto Open-Drain Pins                                             ; On                 ; On                 ;
; Perform WYSIWYG Primitive Resynthesis                            ; Off                ; Off                ;
; Auto ROM Replacement                                             ; On                 ; On                 ;
; Auto RAM Replacement                                             ; On                 ; On                 ;
; Auto DSP Block Replacement                                       ; On                 ; On                 ;
; Auto Shift Register Replacement                                  ; Auto               ; Auto               ;
; Allow Shift Register Merging across Hierarchies                  ; Auto               ; Auto               ;
; Auto Clock Enable Replacement                                    ; On                 ; On                 ;
; Strict RAM Replacement                                           ; Off                ; Off                ;
; Allow Synchronous Control Signals                                ; On                 ; On                 ;
; Force Use of Synchronous Clear Signals                           ; Off                ; Off                ;
; Auto RAM Block Balancing                                         ; On                 ; On                 ;
; Auto RAM to Logic Cell Conversion                                ; Off                ; Off                ;
; Auto Resource Sharing                                            ; Off                ; Off                ;
; Allow Any RAM Size For Recognition                               ; Off                ; Off                ;
; Allow Any ROM Size For Recognition                               ; Off                ; Off                ;
; Allow Any Shift Register Size For Recognition                    ; Off                ; Off                ;
; Use LogicLock Constraints during Resource Balancing              ; On                 ; On                 ;
; Ignore translate_off and synthesis_off directives                ; Off                ; Off                ;
; Timing-Driven Synthesis                                          ; On                 ; On                 ;
; Report Parameter Settings                                        ; On                 ; On                 ;
; Report Source Assignments                                        ; On                 ; On                 ;
; Report Connectivity Checks                                       ; On                 ; On                 ;
; Ignore Maximum Fan-Out Assignments                               ; Off                ; Off                ;
; Synchronization Register Chain Length                            ; 2                  ; 2                  ;
; Power Optimization During Synthesis                              ; Normal compilation ; Normal compilation ;
; HDL message level                                                ; Level2             ; Level2             ;
; Suppress Register Optimization Related Messages                  ; Off                ; Off                ;
; Number of Removed Registers Reported in Synthesis Report         ; 5000               ; 5000               ;
; Number of Swept Nodes Reported in Synthesis Report               ; 5000               ; 5000               ;
; Number of Inverted Registers Reported in Synthesis Report        ; 100                ; 100                ;
; Clock MUX Protection                                             ; On                 ; On                 ;
; Auto Gated Clock Conversion                                      ; Off                ; Off                ;
; Block Design Naming                                              ; Auto               ; Auto               ;
; SDC constraint protection                                        ; Off                ; Off                ;
; Synthesis Effort                                                 ; Auto               ; Auto               ;
; Shift Register Replacement - Allow Asynchronous Clear Signal     ; On                 ; On                 ;
; Pre-Mapping Resynthesis Optimization                             ; Off                ; Off                ;
; Analysis & Synthesis Message Level                               ; Medium             ; Medium             ;
; Disable Register Merging Across Hierarchies                      ; Auto               ; Auto               ;
; Resource Aware Inference For Block RAM                           ; On                 ; On                 ;
+------------------------------------------------------------------+--------------------+--------------------+


+------------------------------------------+
; Parallel Compilation                     ;
+----------------------------+-------------+
; Processors                 ; Number      ;
+----------------------------+-------------+
; Number detected on machine ; 4           ;
; Maximum allowed            ; 4           ;
;                            ;             ;
; Average used               ; 1.00        ;
; Maximum used               ; 1           ;
;                            ;             ;
; Usage by Processor         ; % Time Used ;
;     Processor 1            ; 100.0%      ;
+----------------------------+-------------+


+-------------------------------------------------------------------------------------------------------------------------------------------+
; Analysis & Synthesis Source Files Read                                                                                                    ;
+----------------------------------+-----------------+-----------------+----------------------------------------------------------+---------+
; File Name with User-Entered Path ; Used in Netlist ; File Type       ; File Name with Absolute Path                             ; Library ;
+----------------------------------+-----------------+-----------------+----------------------------------------------------------+---------+
; RTL/X68KeplerX.vhd               ; yes             ; User VHDL File  ; C:/Users/ohnaka/work/X68k-KeplerX-RTL/RTL/X68KeplerX.vhd ;         ;
+----------------------------------+-----------------+-----------------+----------------------------------------------------------+---------+


+------------------------------------------------------------------+
; Analysis & Synthesis Resource Usage Summary                      ;
+---------------------------------------------+--------------------+
; Resource                                    ; Usage              ;
+---------------------------------------------+--------------------+
;                                             ;                    ;
; Total combinational functions               ; 0                  ;
; Logic element usage by number of LUT inputs ;                    ;
;     -- 4 input functions                    ; 0                  ;
;     -- 3 input functions                    ; 0                  ;
;     -- <=2 input functions                  ; 0                  ;
;                                             ;                    ;
; Logic elements by mode                      ;                    ;
;     -- normal mode                          ; 0                  ;
;     -- arithmetic mode                      ; 0                  ;
;                                             ;                    ;
; Total registers                             ; 0                  ;
;     -- Dedicated logic registers            ; 0                  ;
;     -- I/O registers                        ; 0                  ;
;                                             ;                    ;
; I/O pins                                    ; 154                ;
;                                             ;                    ;
; Embedded Multiplier 9-bit elements          ; 0                  ;
;                                             ;                    ;
; Maximum fan-out node                        ; pDRAM_DQ[0]~output ;
; Maximum fan-out                             ; 1                  ;
; Total fan-out                               ; 251                ;
; Average fan-out                             ; 0.62               ;
+---------------------------------------------+--------------------+


+----------------------------------------------------------------------------------------------------------------------------------------------------------------------------------------------------------+
; Analysis & Synthesis Resource Utilization by Entity                                                                                                                                                      ;
+----------------------------+---------------------+---------------------------+-------------+--------------+---------+-----------+------+--------------+---------------------+-------------+--------------+
; Compilation Hierarchy Node ; Combinational ALUTs ; Dedicated Logic Registers ; Memory Bits ; DSP Elements ; DSP 9x9 ; DSP 18x18 ; Pins ; Virtual Pins ; Full Hierarchy Name ; Entity Name ; Library Name ;
+----------------------------+---------------------+---------------------------+-------------+--------------+---------+-----------+------+--------------+---------------------+-------------+--------------+
; |X68KeplerX                ; 0 (0)               ; 0 (0)                     ; 0           ; 0            ; 0       ; 0         ; 154  ; 0            ; |X68KeplerX         ; X68KeplerX  ; work         ;
+----------------------------+---------------------+---------------------------+-------------+--------------+---------+-----------+------+--------------+---------------------+-------------+--------------+
Note: For table entries with two numbers listed, the numbers in parentheses indicate the number of resources of the given type used by the specific entity alone. The numbers listed outside of parentheses indicate the total resources of the given type used by the specific entity and all of its sub-entities in the hierarchy.


+------------------------------------------------------+
; General Register Statistics                          ;
+----------------------------------------------+-------+
; Statistic                                    ; Value ;
+----------------------------------------------+-------+
; Total registers                              ; 0     ;
; Number of registers using Synchronous Clear  ; 0     ;
; Number of registers using Synchronous Load   ; 0     ;
; Number of registers using Asynchronous Clear ; 0     ;
; Number of registers using Asynchronous Load  ; 0     ;
; Number of registers using Clock Enable       ; 0     ;
; Number of registers using Preset             ; 0     ;
+----------------------------------------------+-------+


+-----------------------------------------------------+
; Post-Synthesis Netlist Statistics for Top Partition ;
+-----------------------+-----------------------------+
; Type                  ; Count                       ;
+-----------------------+-----------------------------+
; boundary_port         ; 154                         ;
; cycloneiii_io_obuf    ; 97                          ;
; cycloneiii_lcell_comb ; 1                           ;
;     normal            ; 1                           ;
;         0 data inputs ; 1                           ;
;                       ;                             ;
; Max LUT depth         ; 0.00                        ;
; Average LUT depth     ; 0.00                        ;
+-----------------------+-----------------------------+


+-------------------------------+
; Elapsed Time Per Partition    ;
+----------------+--------------+
; Partition Name ; Elapsed Time ;
+----------------+--------------+
; Top            ; 00:00:00     ;
+----------------+--------------+


+-------------------------------+
; Analysis & Synthesis Messages ;
+-------------------------------+
Info: *******************************************************************
Info: Running Quartus Prime Analysis & Synthesis
    Info: Version 21.1.0 Build 842 10/21/2021 SJ Lite Edition
    Info: Processing started: Mon Aug 15 17:35:51 2022
Info: Command: quartus_map --read_settings_files=on --write_settings_files=off X68KeplerX -c X68KeplerX
Warning (18236): Number of processors has not been specified which may cause overloading on shared machines.  Set the global assignment NUM_PARALLEL_PROCESSORS in your QSF to an appropriate value for best performance.
Info (20030): Parallel compilation is enabled and will use 4 of the 4 processors detected
Info (12021): Found 2 design units, including 1 entities, in source file rtl/x68keplerx.vhd
    Info (12022): Found design unit 1: X68KeplerX-rtl File: C:/Users/ohnaka/work/X68k-KeplerX-RTL/RTL/X68KeplerX.vhd Line: 63
    Info (12023): Found entity 1: X68KeplerX File: C:/Users/ohnaka/work/X68k-KeplerX-RTL/RTL/X68KeplerX.vhd Line: 6
Info (12127): Elaborating entity "X68KeplerX" for the top level hierarchy
Warning (10541): VHDL Signal Declaration warning at X68KeplerX.vhd(11): used implicit default value for signal "pLED" because signal was never assigned a value or an explicit default value. Use of implicit default value may introduce unintended design optimizations. File: C:/Users/ohnaka/work/X68k-KeplerX-RTL/RTL/X68KeplerX.vhd Line: 11
Warning (10541): VHDL Signal Declaration warning at X68KeplerX.vhd(20): used implicit default value for signal "pDRAM_ADDR" because signal was never assigned a value or an explicit default value. Use of implicit default value may introduce unintended design optimizations. File: C:/Users/ohnaka/work/X68k-KeplerX-RTL/RTL/X68KeplerX.vhd Line: 20
Warning (10541): VHDL Signal Declaration warning at X68KeplerX.vhd(21): used implicit default value for signal "pDRAM_BA" because signal was never assigned a value or an explicit default value. Use of implicit default value may introduce unintended design optimizations. File: C:/Users/ohnaka/work/X68k-KeplerX-RTL/RTL/X68KeplerX.vhd Line: 21
Warning (10541): VHDL Signal Declaration warning at X68KeplerX.vhd(22): used implicit default value for signal "pDRAM_CAS_N" because signal was never assigned a value or an explicit default value. Use of implicit default value may introduce unintended design optimizations. File: C:/Users/ohnaka/work/X68k-KeplerX-RTL/RTL/X68KeplerX.vhd Line: 22
Warning (10541): VHDL Signal Declaration warning at X68KeplerX.vhd(23): used implicit default value for signal "pDRAM_CKE" because signal was never assigned a value or an explicit default value. Use of implicit default value may introduce unintended design optimizations. File: C:/Users/ohnaka/work/X68k-KeplerX-RTL/RTL/X68KeplerX.vhd Line: 23
Warning (10541): VHDL Signal Declaration warning at X68KeplerX.vhd(24): used implicit default value for signal "pDRAM_CLK" because signal was never assigned a value or an explicit default value. Use of implicit default value may introduce unintended design optimizations. File: C:/Users/ohnaka/work/X68k-KeplerX-RTL/RTL/X68KeplerX.vhd Line: 24
Warning (10541): VHDL Signal Declaration warning at X68KeplerX.vhd(25): used implicit default value for signal "pDRAM_CS_N" because signal was never assigned a value or an explicit default value. Use of implicit default value may introduce unintended design optimizations. File: C:/Users/ohnaka/work/X68k-KeplerX-RTL/RTL/X68KeplerX.vhd Line: 25
Warning (10541): VHDL Signal Declaration warning at X68KeplerX.vhd(27): used implicit default value for signal "pDRAM_DQM" because signal was never assigned a value or an explicit default value. Use of implicit default value may introduce unintended design optimizations. File: C:/Users/ohnaka/work/X68k-KeplerX-RTL/RTL/X68KeplerX.vhd Line: 27
Warning (10541): VHDL Signal Declaration warning at X68KeplerX.vhd(28): used implicit default value for signal "pDRAM_RAS_N" because signal was never assigned a value or an explicit default value. Use of implicit default value may introduce unintended design optimizations. File: C:/Users/ohnaka/work/X68k-KeplerX-RTL/RTL/X68KeplerX.vhd Line: 28
Warning (10541): VHDL Signal Declaration warning at X68KeplerX.vhd(29): used implicit default value for signal "pDRAM_WE_N" because signal was never assigned a value or an explicit default value. Use of implicit default value may introduce unintended design optimizations. File: C:/Users/ohnaka/work/X68k-KeplerX-RTL/RTL/X68KeplerX.vhd Line: 29
Warning (10541): VHDL Signal Declaration warning at X68KeplerX.vhd(32): used implicit default value for signal "pEPCS_ASDO" because signal was never assigned a value or an explicit default value. Use of implicit default value may introduce unintended design optimizations. File: C:/Users/ohnaka/work/X68k-KeplerX-RTL/RTL/X68KeplerX.vhd Line: 32
Warning (10541): VHDL Signal Declaration warning at X68KeplerX.vhd(34): used implicit default value for signal "pEPCS_DCLK" because signal was never assigned a value or an explicit default value. Use of implicit default value may introduce unintended design optimizations. File: C:/Users/ohnaka/work/X68k-KeplerX-RTL/RTL/X68KeplerX.vhd Line: 34
Warning (10541): VHDL Signal Declaration warning at X68KeplerX.vhd(35): used implicit default value for signal "pEPCS_NCSO" because signal was never assigned a value or an explicit default value. Use of implicit default value may introduce unintended design optimizations. File: C:/Users/ohnaka/work/X68k-KeplerX-RTL/RTL/X68KeplerX.vhd Line: 35
Warning (10541): VHDL Signal Declaration warning at X68KeplerX.vhd(38): used implicit default value for signal "pG_SENSOR_CS_N" because signal was never assigned a value or an explicit default value. Use of implicit default value may introduce unintended design optimizations. File: C:/Users/ohnaka/work/X68k-KeplerX-RTL/RTL/X68KeplerX.vhd Line: 38
Warning (10541): VHDL Signal Declaration warning at X68KeplerX.vhd(40): used implicit default value for signal "pI2C_SCLK" because signal was never assigned a value or an explicit default value. Use of implicit default value may introduce unintended design optimizations. File: C:/Users/ohnaka/work/X68k-KeplerX-RTL/RTL/X68KeplerX.vhd Line: 40
Warning (10541): VHDL Signal Declaration warning at X68KeplerX.vhd(44): used implicit default value for signal "pADC_CS_N" because signal was never assigned a value or an explicit default value. Use of implicit default value may introduce unintended design optimizations. File: C:/Users/ohnaka/work/X68k-KeplerX-RTL/RTL/X68KeplerX.vhd Line: 44
Warning (10541): VHDL Signal Declaration warning at X68KeplerX.vhd(45): used implicit default value for signal "pADC_SADDR" because signal was never assigned a value or an explicit default value. Use of implicit default value may introduce unintended design optimizations. File: C:/Users/ohnaka/work/X68k-KeplerX-RTL/RTL/X68KeplerX.vhd Line: 45
Warning (10541): VHDL Signal Declaration warning at X68KeplerX.vhd(46): used implicit default value for signal "pADC_SCLK" because signal was never assigned a value or an explicit default value. Use of implicit default value may introduce unintended design optimizations. File: C:/Users/ohnaka/work/X68k-KeplerX-RTL/RTL/X68KeplerX.vhd Line: 46
Warning (13039): The following bidirectional pins have no drivers
    Warning (13040): bidirectional pin "pDRAM_DQ[0]" has no driver File: C:/Users/ohnaka/work/X68k-KeplerX-RTL/RTL/X68KeplerX.vhd Line: 26
    Warning (13040): bidirectional pin "pDRAM_DQ[1]" has no driver File: C:/Users/ohnaka/work/X68k-KeplerX-RTL/RTL/X68KeplerX.vhd Line: 26
    Warning (13040): bidirectional pin "pDRAM_DQ[2]" has no driver File: C:/Users/ohnaka/work/X68k-KeplerX-RTL/RTL/X68KeplerX.vhd Line: 26
    Warning (13040): bidirectional pin "pDRAM_DQ[3]" has no driver File: C:/Users/ohnaka/work/X68k-KeplerX-RTL/RTL/X68KeplerX.vhd Line: 26
    Warning (13040): bidirectional pin "pDRAM_DQ[4]" has no driver File: C:/Users/ohnaka/work/X68k-KeplerX-RTL/RTL/X68KeplerX.vhd Line: 26
    Warning (13040): bidirectional pin "pDRAM_DQ[5]" has no driver File: C:/Users/ohnaka/work/X68k-KeplerX-RTL/RTL/X68KeplerX.vhd Line: 26
    Warning (13040): bidirectional pin "pDRAM_DQ[6]" has no driver File: C:/Users/ohnaka/work/X68k-KeplerX-RTL/RTL/X68KeplerX.vhd Line: 26
    Warning (13040): bidirectional pin "pDRAM_DQ[7]" has no driver File: C:/Users/ohnaka/work/X68k-KeplerX-RTL/RTL/X68KeplerX.vhd Line: 26
    Warning (13040): bidirectional pin "pDRAM_DQ[8]" has no driver File: C:/Users/ohnaka/work/X68k-KeplerX-RTL/RTL/X68KeplerX.vhd Line: 26
    Warning (13040): bidirectional pin "pDRAM_DQ[9]" has no driver File: C:/Users/ohnaka/work/X68k-KeplerX-RTL/RTL/X68KeplerX.vhd Line: 26
    Warning (13040): bidirectional pin "pDRAM_DQ[10]" has no driver File: C:/Users/ohnaka/work/X68k-KeplerX-RTL/RTL/X68KeplerX.vhd Line: 26
    Warning (13040): bidirectional pin "pDRAM_DQ[11]" has no driver File: C:/Users/ohnaka/work/X68k-KeplerX-RTL/RTL/X68KeplerX.vhd Line: 26
    Warning (13040): bidirectional pin "pDRAM_DQ[12]" has no driver File: C:/Users/ohnaka/work/X68k-KeplerX-RTL/RTL/X68KeplerX.vhd Line: 26
    Warning (13040): bidirectional pin "pDRAM_DQ[13]" has no driver File: C:/Users/ohnaka/work/X68k-KeplerX-RTL/RTL/X68KeplerX.vhd Line: 26
    Warning (13040): bidirectional pin "pDRAM_DQ[14]" has no driver File: C:/Users/ohnaka/work/X68k-KeplerX-RTL/RTL/X68KeplerX.vhd Line: 26
    Warning (13040): bidirectional pin "pDRAM_DQ[15]" has no driver File: C:/Users/ohnaka/work/X68k-KeplerX-RTL/RTL/X68KeplerX.vhd Line: 26
    Warning (13040): bidirectional pin "pGPIO_2[0]" has no driver File: C:/Users/ohnaka/work/X68k-KeplerX-RTL/RTL/X68KeplerX.vhd Line: 50
    Warning (13040): bidirectional pin "pGPIO_2[1]" has no driver File: C:/Users/ohnaka/work/X68k-KeplerX-RTL/RTL/X68KeplerX.vhd Line: 50
    Warning (13040): bidirectional pin "pGPIO_2[2]" has no driver File: C:/Users/ohnaka/work/X68k-KeplerX-RTL/RTL/X68KeplerX.vhd Line: 50
    Warning (13040): bidirectional pin "pGPIO_2[3]" has no driver File: C:/Users/ohnaka/work/X68k-KeplerX-RTL/RTL/X68KeplerX.vhd Line: 50
    Warning (13040): bidirectional pin "pGPIO_2[4]" has no driver File: C:/Users/ohnaka/work/X68k-KeplerX-RTL/RTL/X68KeplerX.vhd Line: 50
    Warning (13040): bidirectional pin "pGPIO_2[5]" has no driver File: C:/Users/ohnaka/work/X68k-KeplerX-RTL/RTL/X68KeplerX.vhd Line: 50
    Warning (13040): bidirectional pin "pGPIO_2[6]" has no driver File: C:/Users/ohnaka/work/X68k-KeplerX-RTL/RTL/X68KeplerX.vhd Line: 50
    Warning (13040): bidirectional pin "pGPIO_2[7]" has no driver File: C:/Users/ohnaka/work/X68k-KeplerX-RTL/RTL/X68KeplerX.vhd Line: 50
    Warning (13040): bidirectional pin "pGPIO_2[8]" has no driver File: C:/Users/ohnaka/work/X68k-KeplerX-RTL/RTL/X68KeplerX.vhd Line: 50
    Warning (13040): bidirectional pin "pGPIO_2[9]" has no driver File: C:/Users/ohnaka/work/X68k-KeplerX-RTL/RTL/X68KeplerX.vhd Line: 50
    Warning (13040): bidirectional pin "pGPIO_2[10]" has no driver File: C:/Users/ohnaka/work/X68k-KeplerX-RTL/RTL/X68KeplerX.vhd Line: 50
    Warning (13040): bidirectional pin "pGPIO_2[11]" has no driver File: C:/Users/ohnaka/work/X68k-KeplerX-RTL/RTL/X68KeplerX.vhd Line: 50
    Warning (13040): bidirectional pin "pGPIO_2[12]" has no driver File: C:/Users/ohnaka/work/X68k-KeplerX-RTL/RTL/X68KeplerX.vhd Line: 50
    Warning (13040): bidirectional pin "pGPIO0[0]" has no driver File: C:/Users/ohnaka/work/X68k-KeplerX-RTL/RTL/X68KeplerX.vhd Line: 54
    Warning (13040): bidirectional pin "pGPIO0[1]" has no driver File: C:/Users/ohnaka/work/X68k-KeplerX-RTL/RTL/X68KeplerX.vhd Line: 54
    Warning (13040): bidirectional pin "pGPIO0[2]" has no driver File: C:/Users/ohnaka/work/X68k-KeplerX-RTL/RTL/X68KeplerX.vhd Line: 54
    Warning (13040): bidirectional pin "pGPIO0[3]" has no driver File: C:/Users/ohnaka/work/X68k-KeplerX-RTL/RTL/X68KeplerX.vhd Line: 54
    Warning (13040): bidirectional pin "pGPIO0[4]" has no driver File: C:/Users/ohnaka/work/X68k-KeplerX-RTL/RTL/X68KeplerX.vhd Line: 54
    Warning (13040): bidirectional pin "pGPIO0[5]" has no driver File: C:/Users/ohnaka/work/X68k-KeplerX-RTL/RTL/X68KeplerX.vhd Line: 54
    Warning (13040): bidirectional pin "pGPIO0[6]" has no driver File: C:/Users/ohnaka/work/X68k-KeplerX-RTL/RTL/X68KeplerX.vhd Line: 54
    Warning (13040): bidirectional pin "pGPIO0[7]" has no driver File: C:/Users/ohnaka/work/X68k-KeplerX-RTL/RTL/X68KeplerX.vhd Line: 54
    Warning (13040): bidirectional pin "pGPIO0[8]" has no driver File: C:/Users/ohnaka/work/X68k-KeplerX-RTL/RTL/X68KeplerX.vhd Line: 54
    Warning (13040): bidirectional pin "pGPIO0[9]" has no driver File: C:/Users/ohnaka/work/X68k-KeplerX-RTL/RTL/X68KeplerX.vhd Line: 54
    Warning (13040): bidirectional pin "pGPIO0[10]" has no driver File: C:/Users/ohnaka/work/X68k-KeplerX-RTL/RTL/X68KeplerX.vhd Line: 54
    Warning (13040): bidirectional pin "pGPIO0[11]" has no driver File: C:/Users/ohnaka/work/X68k-KeplerX-RTL/RTL/X68KeplerX.vhd Line: 54
    Warning (13040): bidirectional pin "pGPIO0[12]" has no driver File: C:/Users/ohnaka/work/X68k-KeplerX-RTL/RTL/X68KeplerX.vhd Line: 54
    Warning (13040): bidirectional pin "pGPIO0[13]" has no driver File: C:/Users/ohnaka/work/X68k-KeplerX-RTL/RTL/X68KeplerX.vhd Line: 54
    Warning (13040): bidirectional pin "pGPIO0[14]" has no driver File: C:/Users/ohnaka/work/X68k-KeplerX-RTL/RTL/X68KeplerX.vhd Line: 54
    Warning (13040): bidirectional pin "pGPIO0[15]" has no driver File: C:/Users/ohnaka/work/X68k-KeplerX-RTL/RTL/X68KeplerX.vhd Line: 54
    Warning (13040): bidirectional pin "pGPIO0[16]" has no driver File: C:/Users/ohnaka/work/X68k-KeplerX-RTL/RTL/X68KeplerX.vhd Line: 54
    Warning (13040): bidirectional pin "pGPIO0[17]" has no driver File: C:/Users/ohnaka/work/X68k-KeplerX-RTL/RTL/X68KeplerX.vhd Line: 54
    Warning (13040): bidirectional pin "pGPIO0[18]" has no driver File: C:/Users/ohnaka/work/X68k-KeplerX-RTL/RTL/X68KeplerX.vhd Line: 54
    Warning (13040): bidirectional pin "pGPIO0[19]" has no driver File: C:/Users/ohnaka/work/X68k-KeplerX-RTL/RTL/X68KeplerX.vhd Line: 54
    Warning (13040): bidirectional pin "pGPIO0[20]" has no driver File: C:/Users/ohnaka/work/X68k-KeplerX-RTL/RTL/X68KeplerX.vhd Line: 54
    Warning (13040): bidirectional pin "pGPIO0[21]" has no driver File: C:/Users/ohnaka/work/X68k-KeplerX-RTL/RTL/X68KeplerX.vhd Line: 54
    Warning (13040): bidirectional pin "pGPIO0[22]" has no driver File: C:/Users/ohnaka/work/X68k-KeplerX-RTL/RTL/X68KeplerX.vhd Line: 54
    Warning (13040): bidirectional pin "pGPIO0[23]" has no driver File: C:/Users/ohnaka/work/X68k-KeplerX-RTL/RTL/X68KeplerX.vhd Line: 54
    Warning (13040): bidirectional pin "pGPIO0[24]" has no driver File: C:/Users/ohnaka/work/X68k-KeplerX-RTL/RTL/X68KeplerX.vhd Line: 54
    Warning (13040): bidirectional pin "pGPIO0[25]" has no driver File: C:/Users/ohnaka/work/X68k-KeplerX-RTL/RTL/X68KeplerX.vhd Line: 54
    Warning (13040): bidirectional pin "pGPIO0[26]" has no driver File: C:/Users/ohnaka/work/X68k-KeplerX-RTL/RTL/X68KeplerX.vhd Line: 54
    Warning (13040): bidirectional pin "pGPIO0[27]" has no driver File: C:/Users/ohnaka/work/X68k-KeplerX-RTL/RTL/X68KeplerX.vhd Line: 54
    Warning (13040): bidirectional pin "pGPIO0[28]" has no driver File: C:/Users/ohnaka/work/X68k-KeplerX-RTL/RTL/X68KeplerX.vhd Line: 54
    Warning (13040): bidirectional pin "pGPIO0[29]" has no driver File: C:/Users/ohnaka/work/X68k-KeplerX-RTL/RTL/X68KeplerX.vhd Line: 54
    Warning (13040): bidirectional pin "pGPIO0[30]" has no driver File: C:/Users/ohnaka/work/X68k-KeplerX-RTL/RTL/X68KeplerX.vhd Line: 54
    Warning (13040): bidirectional pin "pGPIO0[31]" has no driver File: C:/Users/ohnaka/work/X68k-KeplerX-RTL/RTL/X68KeplerX.vhd Line: 54
    Warning (13040): bidirectional pin "pGPIO0[32]" has no driver File: C:/Users/ohnaka/work/X68k-KeplerX-RTL/RTL/X68KeplerX.vhd Line: 54
    Warning (13040): bidirectional pin "pGPIO0[33]" has no driver File: C:/Users/ohnaka/work/X68k-KeplerX-RTL/RTL/X68KeplerX.vhd Line: 54
    Warning (13040): bidirectional pin "pGPIO1[0]" has no driver File: C:/Users/ohnaka/work/X68k-KeplerX-RTL/RTL/X68KeplerX.vhd Line: 58
    Warning (13040): bidirectional pin "pGPIO1[1]" has no driver File: C:/Users/ohnaka/work/X68k-KeplerX-RTL/RTL/X68KeplerX.vhd Line: 58
    Warning (13040): bidirectional pin "pGPIO1[2]" has no driver File: C:/Users/ohnaka/work/X68k-KeplerX-RTL/RTL/X68KeplerX.vhd Line: 58
    Warning (13040): bidirectional pin "pGPIO1[3]" has no driver File: C:/Users/ohnaka/work/X68k-KeplerX-RTL/RTL/X68KeplerX.vhd Line: 58
    Warning (13040): bidirectional pin "pGPIO1[4]" has no driver File: C:/Users/ohnaka/work/X68k-KeplerX-RTL/RTL/X68KeplerX.vhd Line: 58
    Warning (13040): bidirectional pin "pGPIO1[5]" has no driver File: C:/Users/ohnaka/work/X68k-KeplerX-RTL/RTL/X68KeplerX.vhd Line: 58
    Warning (13040): bidirectional pin "pGPIO1[6]" has no driver File: C:/Users/ohnaka/work/X68k-KeplerX-RTL/RTL/X68KeplerX.vhd Line: 58
    Warning (13040): bidirectional pin "pGPIO1[7]" has no driver File: C:/Users/ohnaka/work/X68k-KeplerX-RTL/RTL/X68KeplerX.vhd Line: 58
    Warning (13040): bidirectional pin "pGPIO1[8]" has no driver File: C:/Users/ohnaka/work/X68k-KeplerX-RTL/RTL/X68KeplerX.vhd Line: 58
    Warning (13040): bidirectional pin "pGPIO1[9]" has no driver File: C:/Users/ohnaka/work/X68k-KeplerX-RTL/RTL/X68KeplerX.vhd Line: 58
    Warning (13040): bidirectional pin "pGPIO1[10]" has no driver File: C:/Users/ohnaka/work/X68k-KeplerX-RTL/RTL/X68KeplerX.vhd Line: 58
    Warning (13040): bidirectional pin "pGPIO1[11]" has no driver File: C:/Users/ohnaka/work/X68k-KeplerX-RTL/RTL/X68KeplerX.vhd Line: 58
    Warning (13040): bidirectional pin "pGPIO1[12]" has no driver File: C:/Users/ohnaka/work/X68k-KeplerX-RTL/RTL/X68KeplerX.vhd Line: 58
    Warning (13040): bidirectional pin "pGPIO1[13]" has no driver File: C:/Users/ohnaka/work/X68k-KeplerX-RTL/RTL/X68KeplerX.vhd Line: 58
    Warning (13040): bidirectional pin "pGPIO1[14]" has no driver File: C:/Users/ohnaka/work/X68k-KeplerX-RTL/RTL/X68KeplerX.vhd Line: 58
    Warning (13040): bidirectional pin "pGPIO1[15]" has no driver File: C:/Users/ohnaka/work/X68k-KeplerX-RTL/RTL/X68KeplerX.vhd Line: 58
    Warning (13040): bidirectional pin "pGPIO1[16]" has no driver File: C:/Users/ohnaka/work/X68k-KeplerX-RTL/RTL/X68KeplerX.vhd Line: 58
    Warning (13040): bidirectional pin "pGPIO1[17]" has no driver File: C:/Users/ohnaka/work/X68k-KeplerX-RTL/RTL/X68KeplerX.vhd Line: 58
    Warning (13040): bidirectional pin "pGPIO1[18]" has no driver File: C:/Users/ohnaka/work/X68k-KeplerX-RTL/RTL/X68KeplerX.vhd Line: 58
    Warning (13040): bidirectional pin "pGPIO1[19]" has no driver File: C:/Users/ohnaka/work/X68k-KeplerX-RTL/RTL/X68KeplerX.vhd Line: 58
    Warning (13040): bidirectional pin "pGPIO1[20]" has no driver File: C:/Users/ohnaka/work/X68k-KeplerX-RTL/RTL/X68KeplerX.vhd Line: 58
    Warning (13040): bidirectional pin "pGPIO1[21]" has no driver File: C:/Users/ohnaka/work/X68k-KeplerX-RTL/RTL/X68KeplerX.vhd Line: 58
    Warning (13040): bidirectional pin "pGPIO1[22]" has no driver File: C:/Users/ohnaka/work/X68k-KeplerX-RTL/RTL/X68KeplerX.vhd Line: 58
    Warning (13040): bidirectional pin "pGPIO1[23]" has no driver File: C:/Users/ohnaka/work/X68k-KeplerX-RTL/RTL/X68KeplerX.vhd Line: 58
    Warning (13040): bidirectional pin "pGPIO1[24]" has no driver File: C:/Users/ohnaka/work/X68k-KeplerX-RTL/RTL/X68KeplerX.vhd Line: 58
    Warning (13040): bidirectional pin "pGPIO1[25]" has no driver File: C:/Users/ohnaka/work/X68k-KeplerX-RTL/RTL/X68KeplerX.vhd Line: 58
    Warning (13040): bidirectional pin "pGPIO1[26]" has no driver File: C:/Users/ohnaka/work/X68k-KeplerX-RTL/RTL/X68KeplerX.vhd Line: 58
    Warning (13040): bidirectional pin "pGPIO1[27]" has no driver File: C:/Users/ohnaka/work/X68k-KeplerX-RTL/RTL/X68KeplerX.vhd Line: 58
    Warning (13040): bidirectional pin "pGPIO1[28]" has no driver File: C:/Users/ohnaka/work/X68k-KeplerX-RTL/RTL/X68KeplerX.vhd Line: 58
    Warning (13040): bidirectional pin "pGPIO1[29]" has no driver File: C:/Users/ohnaka/work/X68k-KeplerX-RTL/RTL/X68KeplerX.vhd Line: 58
    Warning (13040): bidirectional pin "pGPIO1[30]" has no driver File: C:/Users/ohnaka/work/X68k-KeplerX-RTL/RTL/X68KeplerX.vhd Line: 58
    Warning (13040): bidirectional pin "pGPIO1[31]" has no driver File: C:/Users/ohnaka/work/X68k-KeplerX-RTL/RTL/X68KeplerX.vhd Line: 58
    Warning (13040): bidirectional pin "pGPIO1[32]" has no driver File: C:/Users/ohnaka/work/X68k-KeplerX-RTL/RTL/X68KeplerX.vhd Line: 58
    Warning (13040): bidirectional pin "pGPIO1[33]" has no driver File: C:/Users/ohnaka/work/X68k-KeplerX-RTL/RTL/X68KeplerX.vhd Line: 58
Warning (13024): Output pins are stuck at VCC or GND
    Warning (13410): Pin "pLED[0]" is stuck at GND File: C:/Users/ohnaka/work/X68k-KeplerX-RTL/RTL/X68KeplerX.vhd Line: 11
    Warning (13410): Pin "pLED[1]" is stuck at GND File: C:/Users/ohnaka/work/X68k-KeplerX-RTL/RTL/X68KeplerX.vhd Line: 11
    Warning (13410): Pin "pLED[2]" is stuck at GND File: C:/Users/ohnaka/work/X68k-KeplerX-RTL/RTL/X68KeplerX.vhd Line: 11
    Warning (13410): Pin "pLED[3]" is stuck at GND File: C:/Users/ohnaka/work/X68k-KeplerX-RTL/RTL/X68KeplerX.vhd Line: 11
    Warning (13410): Pin "pLED[4]" is stuck at GND File: C:/Users/ohnaka/work/X68k-KeplerX-RTL/RTL/X68KeplerX.vhd Line: 11
    Warning (13410): Pin "pLED[5]" is stuck at GND File: C:/Users/ohnaka/work/X68k-KeplerX-RTL/RTL/X68KeplerX.vhd Line: 11
    Warning (13410): Pin "pLED[6]" is stuck at GND File: C:/Users/ohnaka/work/X68k-KeplerX-RTL/RTL/X68KeplerX.vhd Line: 11
    Warning (13410): Pin "pLED[7]" is stuck at GND File: C:/Users/ohnaka/work/X68k-KeplerX-RTL/RTL/X68KeplerX.vhd Line: 11
    Warning (13410): Pin "pDRAM_ADDR[0]" is stuck at GND File: C:/Users/ohnaka/work/X68k-KeplerX-RTL/RTL/X68KeplerX.vhd Line: 20
    Warning (13410): Pin "pDRAM_ADDR[1]" is stuck at GND File: C:/Users/ohnaka/work/X68k-KeplerX-RTL/RTL/X68KeplerX.vhd Line: 20
    Warning (13410): Pin "pDRAM_ADDR[2]" is stuck at GND File: C:/Users/ohnaka/work/X68k-KeplerX-RTL/RTL/X68KeplerX.vhd Line: 20
    Warning (13410): Pin "pDRAM_ADDR[3]" is stuck at GND File: C:/Users/ohnaka/work/X68k-KeplerX-RTL/RTL/X68KeplerX.vhd Line: 20
    Warning (13410): Pin "pDRAM_ADDR[4]" is stuck at GND File: C:/Users/ohnaka/work/X68k-KeplerX-RTL/RTL/X68KeplerX.vhd Line: 20
    Warning (13410): Pin "pDRAM_ADDR[5]" is stuck at GND File: C:/Users/ohnaka/work/X68k-KeplerX-RTL/RTL/X68KeplerX.vhd Line: 20
    Warning (13410): Pin "pDRAM_ADDR[6]" is stuck at GND File: C:/Users/ohnaka/work/X68k-KeplerX-RTL/RTL/X68KeplerX.vhd Line: 20
    Warning (13410): Pin "pDRAM_ADDR[7]" is stuck at GND File: C:/Users/ohnaka/work/X68k-KeplerX-RTL/RTL/X68KeplerX.vhd Line: 20
    Warning (13410): Pin "pDRAM_ADDR[8]" is stuck at GND File: C:/Users/ohnaka/work/X68k-KeplerX-RTL/RTL/X68KeplerX.vhd Line: 20
    Warning (13410): Pin "pDRAM_ADDR[9]" is stuck at GND File: C:/Users/ohnaka/work/X68k-KeplerX-RTL/RTL/X68KeplerX.vhd Line: 20
    Warning (13410): Pin "pDRAM_ADDR[10]" is stuck at GND File: C:/Users/ohnaka/work/X68k-KeplerX-RTL/RTL/X68KeplerX.vhd Line: 20
    Warning (13410): Pin "pDRAM_ADDR[11]" is stuck at GND File: C:/Users/ohnaka/work/X68k-KeplerX-RTL/RTL/X68KeplerX.vhd Line: 20
    Warning (13410): Pin "pDRAM_ADDR[12]" is stuck at GND File: C:/Users/ohnaka/work/X68k-KeplerX-RTL/RTL/X68KeplerX.vhd Line: 20
    Warning (13410): Pin "pDRAM_BA[0]" is stuck at GND File: C:/Users/ohnaka/work/X68k-KeplerX-RTL/RTL/X68KeplerX.vhd Line: 21
    Warning (13410): Pin "pDRAM_BA[1]" is stuck at GND File: C:/Users/ohnaka/work/X68k-KeplerX-RTL/RTL/X68KeplerX.vhd Line: 21
    Warning (13410): Pin "pDRAM_CAS_N" is stuck at GND File: C:/Users/ohnaka/work/X68k-KeplerX-RTL/RTL/X68KeplerX.vhd Line: 22
    Warning (13410): Pin "pDRAM_CKE" is stuck at GND File: C:/Users/ohnaka/work/X68k-KeplerX-RTL/RTL/X68KeplerX.vhd Line: 23
    Warning (13410): Pin "pDRAM_CLK" is stuck at GND File: C:/Users/ohnaka/work/X68k-KeplerX-RTL/RTL/X68KeplerX.vhd Line: 24
    Warning (13410): Pin "pDRAM_CS_N" is stuck at GND File: C:/Users/ohnaka/work/X68k-KeplerX-RTL/RTL/X68KeplerX.vhd Line: 25
    Warning (13410): Pin "pDRAM_DQM[0]" is stuck at GND File: C:/Users/ohnaka/work/X68k-KeplerX-RTL/RTL/X68KeplerX.vhd Line: 27
    Warning (13410): Pin "pDRAM_DQM[1]" is stuck at GND File: C:/Users/ohnaka/work/X68k-KeplerX-RTL/RTL/X68KeplerX.vhd Line: 27
    Warning (13410): Pin "pDRAM_RAS_N" is stuck at GND File: C:/Users/ohnaka/work/X68k-KeplerX-RTL/RTL/X68KeplerX.vhd Line: 28
    Warning (13410): Pin "pDRAM_WE_N" is stuck at GND File: C:/Users/ohnaka/work/X68k-KeplerX-RTL/RTL/X68KeplerX.vhd Line: 29
    Warning (13410): Pin "pEPCS_ASDO" is stuck at GND File: C:/Users/ohnaka/work/X68k-KeplerX-RTL/RTL/X68KeplerX.vhd Line: 32
    Warning (13410): Pin "pEPCS_DCLK" is stuck at GND File: C:/Users/ohnaka/work/X68k-KeplerX-RTL/RTL/X68KeplerX.vhd Line: 34
    Warning (13410): Pin "pEPCS_NCSO" is stuck at GND File: C:/Users/ohnaka/work/X68k-KeplerX-RTL/RTL/X68KeplerX.vhd Line: 35
    Warning (13410): Pin "pG_SENSOR_CS_N" is stuck at GND File: C:/Users/ohnaka/work/X68k-KeplerX-RTL/RTL/X68KeplerX.vhd Line: 38
    Warning (13410): Pin "pI2C_SCLK" is stuck at GND File: C:/Users/ohnaka/work/X68k-KeplerX-RTL/RTL/X68KeplerX.vhd Line: 40
    Warning (13410): Pin "pADC_CS_N" is stuck at GND File: C:/Users/ohnaka/work/X68k-KeplerX-RTL/RTL/X68KeplerX.vhd Line: 44
    Warning (13410): Pin "pADC_SADDR" is stuck at GND File: C:/Users/ohnaka/work/X68k-KeplerX-RTL/RTL/X68KeplerX.vhd Line: 45
    Warning (13410): Pin "pADC_SCLK" is stuck at GND File: C:/Users/ohnaka/work/X68k-KeplerX-RTL/RTL/X68KeplerX.vhd Line: 46
Info (16010): Generating hard_block partition "hard_block:auto_generated_inst"
    Info (16011): Adding 0 node(s), including 0 DDIO, 0 PLL, 0 transceiver and 0 LCELL
Warning (21074): Design contains 18 input pin(s) that do not drive logic
    Warning (15610): No output dependent on input pin "pClk50M" File: C:/Users/ohnaka/work/X68k-KeplerX-RTL/RTL/X68KeplerX.vhd Line: 8
    Warning (15610): No output dependent on input pin "pKEY[0]" File: C:/Users/ohnaka/work/X68k-KeplerX-RTL/RTL/X68KeplerX.vhd Line: 14
    Warning (15610): No output dependent on input pin "pKEY[1]" File: C:/Users/ohnaka/work/X68k-KeplerX-RTL/RTL/X68KeplerX.vhd Line: 14
    Warning (15610): No output dependent on input pin "pSW[0]" File: C:/Users/ohnaka/work/X68k-KeplerX-RTL/RTL/X68KeplerX.vhd Line: 17
    Warning (15610): No output dependent on input pin "pSW[1]" File: C:/Users/ohnaka/work/X68k-KeplerX-RTL/RTL/X68KeplerX.vhd Line: 17
    Warning (15610): No output dependent on input pin "pSW[2]" File: C:/Users/ohnaka/work/X68k-KeplerX-RTL/RTL/X68KeplerX.vhd Line: 17
    Warning (15610): No output dependent on input pin "pSW[3]" File: C:/Users/ohnaka/work/X68k-KeplerX-RTL/RTL/X68KeplerX.vhd Line: 17
    Warning (15610): No output dependent on input pin "pEPCS_DATA0" File: C:/Users/ohnaka/work/X68k-KeplerX-RTL/RTL/X68KeplerX.vhd Line: 33
    Warning (15610): No output dependent on input pin "pG_SENSOR_INT" File: C:/Users/ohnaka/work/X68k-KeplerX-RTL/RTL/X68KeplerX.vhd Line: 39
    Warning (15610): No output dependent on input pin "pI2C_SDAT" File: C:/Users/ohnaka/work/X68k-KeplerX-RTL/RTL/X68KeplerX.vhd Line: 41
    Warning (15610): No output dependent on input pin "pADC_SDAT" File: C:/Users/ohnaka/work/X68k-KeplerX-RTL/RTL/X68KeplerX.vhd Line: 47
    Warning (15610): No output dependent on input pin "pGPIO_2_IN[0]" File: C:/Users/ohnaka/work/X68k-KeplerX-RTL/RTL/X68KeplerX.vhd Line: 51
    Warning (15610): No output dependent on input pin "pGPIO_2_IN[1]" File: C:/Users/ohnaka/work/X68k-KeplerX-RTL/RTL/X68KeplerX.vhd Line: 51
    Warning (15610): No output dependent on input pin "pGPIO_2_IN[2]" File: C:/Users/ohnaka/work/X68k-KeplerX-RTL/RTL/X68KeplerX.vhd Line: 51
    Warning (15610): No output dependent on input pin "pGPIO0_IN[0]" File: C:/Users/ohnaka/work/X68k-KeplerX-RTL/RTL/X68KeplerX.vhd Line: 55
    Warning (15610): No output dependent on input pin "pGPIO0_IN[1]" File: C:/Users/ohnaka/work/X68k-KeplerX-RTL/RTL/X68KeplerX.vhd Line: 55
    Warning (15610): No output dependent on input pin "pGPIO1_IN[0]" File: C:/Users/ohnaka/work/X68k-KeplerX-RTL/RTL/X68KeplerX.vhd Line: 59
    Warning (15610): No output dependent on input pin "pGPIO1_IN[1]" File: C:/Users/ohnaka/work/X68k-KeplerX-RTL/RTL/X68KeplerX.vhd Line: 59
Info (21057): Implemented 154 device resources after synthesis - the final resource count might be different
    Info (21058): Implemented 18 input pins
    Info (21059): Implemented 39 output pins
    Info (21060): Implemented 97 bidirectional pins
Info: Quartus Prime Analysis & Synthesis was successful. 0 errors, 176 warnings
    Info: Peak virtual memory: 9124 megabytes
    Info: Processing ended: Mon Aug 15 17:36:10 2022
    Info: Elapsed time: 00:00:19
    Info: Total CPU time (on all processors): 00:00:38


