MIF/HEX Update report for GreenPAKWriter
Sun Jun 25 23:57:14 2023
Quartus Prime Version 21.1.0 Build 842 10/21/2021 Patches 0.07std SJ Lite Edition


---------------------
; Table of Contents ;
---------------------
  1. Legal Notice
  2. MIF/HEX Update Summary
  3. MIF/HEX Update Processed Files
  4. MIF/HEX Update Messages



----------------
; Legal Notice ;
----------------
Copyright (C) 2021  Intel Corporation. All rights reserved.
Your use of Intel Corporation's design tools, logic functions 
and other software and tools, and any partner logic 
functions, and any output files from any of the foregoing 
(including device programming or simulation files), and any 
associated documentation or information are expressly subject 
to the terms and conditions of the Intel Program License 
Subscription Agreement, the Intel Quartus Prime License Agreement,
the Intel FPGA IP License Agreement, or other applicable license
agreement, including, without limitation, that your use is for
the sole purpose of programming logic devices manufactured by
Intel and sold by Intel or its authorized distributors.  Please
refer to the applicable agreement for further details, at
https://fpgasoftware.intel.com/eula.



+---------------------------------------------------------------+
; MIF/HEX Update Summary                                        ;
+-----------------------+---------------------------------------+
; MIF/HEX Update Status ; Successful - Sun Jun 25 23:57:14 2023 ;
; Revision Name         ; GreenPAKWriter                        ;
; Top-level Entity Name ; GreenPAKWriter                        ;
; Family                ; Cyclone IV E                          ;
; Device                ; EP4CE22F17C6                          ;
+-----------------------+---------------------------------------+


+----------------------------------------------------------------------------------------------------------------------------------+
; MIF/HEX Update Processed Files                                                                                                   ;
+----------------------------------------------------------------------------------------------------------------------------------+
; File Name                                                                                                                        ;
+----------------------------------------------------------------------------------------------------------------------------------+
; C:/Users/ohnaka/work/github/X68k-KeplerX-RTL/GreenPAK/BusController/X68KeplerX-BusController.hex                                 ;
; C:/Users/ohnaka/work/github/X68k-KeplerX-RTL/GreenPAK/fpga-writer/Eclipse/GreenPAKWriter/mem_init/nios2_system_onchip_memory.hex ;
; C:/Users/ohnaka/work/github/X68k-KeplerX-RTL/GreenPAK/fpga-writer/Eclipse/GreenPAKWriter/mem_init/nios2_system_textram.hex       ;
+----------------------------------------------------------------------------------------------------------------------------------+


+-------------------------+
; MIF/HEX Update Messages ;
+-------------------------+
Info: *******************************************************************
Info: Running Quartus Prime MIF/HEX Update
    Info: Version 21.1.0 Build 842 10/21/2021 Patches 0.07std SJ Lite Edition
    Info: Processing started: Sun Jun 25 23:57:11 2023
Info: Command: quartus_cdb GreenPAKWriter -c GreenPAKWriter --update_mif
Warning (18236): Number of processors has not been specified which may cause overloading on shared machines.  Set the global assignment NUM_PARALLEL_PROCESSORS in your QSF to an appropriate value for best performance.
Warning (113015): Width of data items in "nios2_system_onchip_memory.hex" is greater than the memory width. Wrapping data items to subsequent addresses. Found 1280 warnings, reporting 10 File: C:/Users/ohnaka/work/github/X68k-KeplerX-RTL/GreenPAK/fpga-writer/Eclipse/GreenPAKWriter/mem_init/nios2_system_onchip_memory.hex Line: 1
    Warning (113009): Data at line (2) of memory initialization file "nios2_system_onchip_memory.hex" is too wide to fit in one memory word. Wrapping data to subsequent addresses. File: C:/Users/ohnaka/work/github/X68k-KeplerX-RTL/GreenPAK/fpga-writer/Eclipse/GreenPAKWriter/mem_init/nios2_system_onchip_memory.hex Line: 2
    Warning (113009): Data at line (3) of memory initialization file "nios2_system_onchip_memory.hex" is too wide to fit in one memory word. Wrapping data to subsequent addresses. File: C:/Users/ohnaka/work/github/X68k-KeplerX-RTL/GreenPAK/fpga-writer/Eclipse/GreenPAKWriter/mem_init/nios2_system_onchip_memory.hex Line: 3
    Warning (113009): Data at line (4) of memory initialization file "nios2_system_onchip_memory.hex" is too wide to fit in one memory word. Wrapping data to subsequent addresses. File: C:/Users/ohnaka/work/github/X68k-KeplerX-RTL/GreenPAK/fpga-writer/Eclipse/GreenPAKWriter/mem_init/nios2_system_onchip_memory.hex Line: 4
    Warning (113009): Data at line (5) of memory initialization file "nios2_system_onchip_memory.hex" is too wide to fit in one memory word. Wrapping data to subsequent addresses. File: C:/Users/ohnaka/work/github/X68k-KeplerX-RTL/GreenPAK/fpga-writer/Eclipse/GreenPAKWriter/mem_init/nios2_system_onchip_memory.hex Line: 5
    Warning (113009): Data at line (6) of memory initialization file "nios2_system_onchip_memory.hex" is too wide to fit in one memory word. Wrapping data to subsequent addresses. File: C:/Users/ohnaka/work/github/X68k-KeplerX-RTL/GreenPAK/fpga-writer/Eclipse/GreenPAKWriter/mem_init/nios2_system_onchip_memory.hex Line: 6
    Warning (113009): Data at line (7) of memory initialization file "nios2_system_onchip_memory.hex" is too wide to fit in one memory word. Wrapping data to subsequent addresses. File: C:/Users/ohnaka/work/github/X68k-KeplerX-RTL/GreenPAK/fpga-writer/Eclipse/GreenPAKWriter/mem_init/nios2_system_onchip_memory.hex Line: 7
    Warning (113009): Data at line (8) of memory initialization file "nios2_system_onchip_memory.hex" is too wide to fit in one memory word. Wrapping data to subsequent addresses. File: C:/Users/ohnaka/work/github/X68k-KeplerX-RTL/GreenPAK/fpga-writer/Eclipse/GreenPAKWriter/mem_init/nios2_system_onchip_memory.hex Line: 8
    Warning (113009): Data at line (9) of memory initialization file "nios2_system_onchip_memory.hex" is too wide to fit in one memory word. Wrapping data to subsequent addresses. File: C:/Users/ohnaka/work/github/X68k-KeplerX-RTL/GreenPAK/fpga-writer/Eclipse/GreenPAKWriter/mem_init/nios2_system_onchip_memory.hex Line: 9
    Warning (113009): Data at line (10) of memory initialization file "nios2_system_onchip_memory.hex" is too wide to fit in one memory word. Wrapping data to subsequent addresses. File: C:/Users/ohnaka/work/github/X68k-KeplerX-RTL/GreenPAK/fpga-writer/Eclipse/GreenPAKWriter/mem_init/nios2_system_onchip_memory.hex Line: 10
    Warning (113009): Data at line (11) of memory initialization file "nios2_system_onchip_memory.hex" is too wide to fit in one memory word. Wrapping data to subsequent addresses. File: C:/Users/ohnaka/work/github/X68k-KeplerX-RTL/GreenPAK/fpga-writer/Eclipse/GreenPAKWriter/mem_init/nios2_system_onchip_memory.hex Line: 11
Warning (113015): Width of data items in "X68KeplerX-BusController.hex" is greater than the memory width. Wrapping data items to subsequent addresses. Found 16 warnings, reporting 10 File: C:/Users/ohnaka/work/github/X68k-KeplerX-RTL/GreenPAK/BusController/X68KeplerX-BusController.hex Line: 1
    Warning (113009): Data at line (1) of memory initialization file "X68KeplerX-BusController.hex" is too wide to fit in one memory word. Wrapping data to subsequent addresses. File: C:/Users/ohnaka/work/github/X68k-KeplerX-RTL/GreenPAK/BusController/X68KeplerX-BusController.hex Line: 1
    Warning (113009): Data at line (2) of memory initialization file "X68KeplerX-BusController.hex" is too wide to fit in one memory word. Wrapping data to subsequent addresses. File: C:/Users/ohnaka/work/github/X68k-KeplerX-RTL/GreenPAK/BusController/X68KeplerX-BusController.hex Line: 2
    Warning (113009): Data at line (3) of memory initialization file "X68KeplerX-BusController.hex" is too wide to fit in one memory word. Wrapping data to subsequent addresses. File: C:/Users/ohnaka/work/github/X68k-KeplerX-RTL/GreenPAK/BusController/X68KeplerX-BusController.hex Line: 3
    Warning (113009): Data at line (4) of memory initialization file "X68KeplerX-BusController.hex" is too wide to fit in one memory word. Wrapping data to subsequent addresses. File: C:/Users/ohnaka/work/github/X68k-KeplerX-RTL/GreenPAK/BusController/X68KeplerX-BusController.hex Line: 4
    Warning (113009): Data at line (5) of memory initialization file "X68KeplerX-BusController.hex" is too wide to fit in one memory word. Wrapping data to subsequent addresses. File: C:/Users/ohnaka/work/github/X68k-KeplerX-RTL/GreenPAK/BusController/X68KeplerX-BusController.hex Line: 5
    Warning (113009): Data at line (6) of memory initialization file "X68KeplerX-BusController.hex" is too wide to fit in one memory word. Wrapping data to subsequent addresses. File: C:/Users/ohnaka/work/github/X68k-KeplerX-RTL/GreenPAK/BusController/X68KeplerX-BusController.hex Line: 6
    Warning (113009): Data at line (7) of memory initialization file "X68KeplerX-BusController.hex" is too wide to fit in one memory word. Wrapping data to subsequent addresses. File: C:/Users/ohnaka/work/github/X68k-KeplerX-RTL/GreenPAK/BusController/X68KeplerX-BusController.hex Line: 7
    Warning (113009): Data at line (8) of memory initialization file "X68KeplerX-BusController.hex" is too wide to fit in one memory word. Wrapping data to subsequent addresses. File: C:/Users/ohnaka/work/github/X68k-KeplerX-RTL/GreenPAK/BusController/X68KeplerX-BusController.hex Line: 8
    Warning (113009): Data at line (9) of memory initialization file "X68KeplerX-BusController.hex" is too wide to fit in one memory word. Wrapping data to subsequent addresses. File: C:/Users/ohnaka/work/github/X68k-KeplerX-RTL/GreenPAK/BusController/X68KeplerX-BusController.hex Line: 9
    Warning (113009): Data at line (10) of memory initialization file "X68KeplerX-BusController.hex" is too wide to fit in one memory word. Wrapping data to subsequent addresses. File: C:/Users/ohnaka/work/github/X68k-KeplerX-RTL/GreenPAK/BusController/X68KeplerX-BusController.hex Line: 10
Warning (113015): Width of data items in "nios2_system_textram.hex" is greater than the memory width. Wrapping data items to subsequent addresses. Found 256 warnings, reporting 10 File: C:/Users/ohnaka/work/github/X68k-KeplerX-RTL/GreenPAK/fpga-writer/Eclipse/GreenPAKWriter/mem_init/nios2_system_textram.hex Line: 1
    Warning (113009): Data at line (2) of memory initialization file "nios2_system_textram.hex" is too wide to fit in one memory word. Wrapping data to subsequent addresses. File: C:/Users/ohnaka/work/github/X68k-KeplerX-RTL/GreenPAK/fpga-writer/Eclipse/GreenPAKWriter/mem_init/nios2_system_textram.hex Line: 2
    Warning (113009): Data at line (3) of memory initialization file "nios2_system_textram.hex" is too wide to fit in one memory word. Wrapping data to subsequent addresses. File: C:/Users/ohnaka/work/github/X68k-KeplerX-RTL/GreenPAK/fpga-writer/Eclipse/GreenPAKWriter/mem_init/nios2_system_textram.hex Line: 3
    Warning (113009): Data at line (4) of memory initialization file "nios2_system_textram.hex" is too wide to fit in one memory word. Wrapping data to subsequent addresses. File: C:/Users/ohnaka/work/github/X68k-KeplerX-RTL/GreenPAK/fpga-writer/Eclipse/GreenPAKWriter/mem_init/nios2_system_textram.hex Line: 4
    Warning (113009): Data at line (5) of memory initialization file "nios2_system_textram.hex" is too wide to fit in one memory word. Wrapping data to subsequent addresses. File: C:/Users/ohnaka/work/github/X68k-KeplerX-RTL/GreenPAK/fpga-writer/Eclipse/GreenPAKWriter/mem_init/nios2_system_textram.hex Line: 5
    Warning (113009): Data at line (6) of memory initialization file "nios2_system_textram.hex" is too wide to fit in one memory word. Wrapping data to subsequent addresses. File: C:/Users/ohnaka/work/github/X68k-KeplerX-RTL/GreenPAK/fpga-writer/Eclipse/GreenPAKWriter/mem_init/nios2_system_textram.hex Line: 6
    Warning (113009): Data at line (7) of memory initialization file "nios2_system_textram.hex" is too wide to fit in one memory word. Wrapping data to subsequent addresses. File: C:/Users/ohnaka/work/github/X68k-KeplerX-RTL/GreenPAK/fpga-writer/Eclipse/GreenPAKWriter/mem_init/nios2_system_textram.hex Line: 7
    Warning (113009): Data at line (8) of memory initialization file "nios2_system_textram.hex" is too wide to fit in one memory word. Wrapping data to subsequent addresses. File: C:/Users/ohnaka/work/github/X68k-KeplerX-RTL/GreenPAK/fpga-writer/Eclipse/GreenPAKWriter/mem_init/nios2_system_textram.hex Line: 8
    Warning (113009): Data at line (9) of memory initialization file "nios2_system_textram.hex" is too wide to fit in one memory word. Wrapping data to subsequent addresses. File: C:/Users/ohnaka/work/github/X68k-KeplerX-RTL/GreenPAK/fpga-writer/Eclipse/GreenPAKWriter/mem_init/nios2_system_textram.hex Line: 9
    Warning (113009): Data at line (10) of memory initialization file "nios2_system_textram.hex" is too wide to fit in one memory word. Wrapping data to subsequent addresses. File: C:/Users/ohnaka/work/github/X68k-KeplerX-RTL/GreenPAK/fpga-writer/Eclipse/GreenPAKWriter/mem_init/nios2_system_textram.hex Line: 10
    Warning (113009): Data at line (11) of memory initialization file "nios2_system_textram.hex" is too wide to fit in one memory word. Wrapping data to subsequent addresses. File: C:/Users/ohnaka/work/github/X68k-KeplerX-RTL/GreenPAK/fpga-writer/Eclipse/GreenPAKWriter/mem_init/nios2_system_textram.hex Line: 11
Info (39024): Processed the following Memory Initialization File(s)
    Info (39025): Processed Memory Initialization File C:/Users/ohnaka/work/github/X68k-KeplerX-RTL/GreenPAK/BusController/X68KeplerX-BusController.hex File: C:/Users/ohnaka/work/github/X68k-KeplerX-RTL/GreenPAK/BusController/X68KeplerX-BusController.hex Line: 0
    Info (39025): Processed Memory Initialization File C:/Users/ohnaka/work/github/X68k-KeplerX-RTL/GreenPAK/fpga-writer/Eclipse/GreenPAKWriter/mem_init/nios2_system_onchip_memory.hex File: C:/Users/ohnaka/work/github/X68k-KeplerX-RTL/GreenPAK/fpga-writer/Eclipse/GreenPAKWriter/mem_init/nios2_system_onchip_memory.hex Line: 0
    Info (39025): Processed Memory Initialization File C:/Users/ohnaka/work/github/X68k-KeplerX-RTL/GreenPAK/fpga-writer/Eclipse/GreenPAKWriter/mem_init/nios2_system_textram.hex File: C:/Users/ohnaka/work/github/X68k-KeplerX-RTL/GreenPAK/fpga-writer/Eclipse/GreenPAKWriter/mem_init/nios2_system_textram.hex Line: 0
Info: Quartus Prime MIF/HEX Update was successful. 0 errors, 34 warnings
    Info: Peak virtual memory: 4738 megabytes
    Info: Processing ended: Sun Jun 25 23:57:14 2023
    Info: Elapsed time: 00:00:03
    Info: Total CPU time (on all processors): 00:00:02


