Info: Starting: Create block symbol file (.bsf)
Info: qsys-generate C:\Users\ohnaka\work\github\X68k-KeplerX-RTL\GreenPAK\fpga-writer\QuartusII\nios2\nios2_system.qsys --block-symbol-file --output-directory=C:\Users\ohnaka\work\github\X68k-KeplerX-RTL\GreenPAK\fpga-writer\QuartusII\nios2\nios2_system --family="Cyclone IV E" --part=EP4CE22F17C6
Progress: Loading nios2/nios2_system.qsys
Progress: Reading input file
Progress: Adding clk_0 [clock_source 21.1]
Progress: Parameterizing module clk_0
Progress: Adding jtag_uart [altera_avalon_jtag_uart 21.1]
Progress: Parameterizing module jtag_uart
Progress: Adding nios2_cpu [altera_nios2_gen2 21.1]
Progress: Parameterizing module nios2_cpu
Progress: Adding onchip_memory [altera_avalon_onchip_memory2 21.1]
Progress: Parameterizing module onchip_memory
Progress: Adding pio_dipsw [altera_avalon_pio 21.1]
Progress: Parameterizing module pio_dipsw
Progress: Adding pio_led [altera_avalon_pio 21.1]
Progress: Parameterizing module pio_led
Progress: Building connections
Progress: Parameterizing connections
Progress: Validating
Progress: Done reading input file
Info: nios2_system.jtag_uart: JTAG UART IP input clock need to be at least double (2x) the operating frequency of JTAG TCK on board
Info: nios2_system.pio_dipsw: PIO inputs are not hardwired in test bench. Undefined values will be read from PIO inputs during simulation.
Info: qsys-generate succeeded.
Info: Finished: Create block symbol file (.bsf)
Info: 
Info: Starting: Create HDL design files for synthesis
Info: qsys-generate C:\Users\ohnaka\work\github\X68k-KeplerX-RTL\GreenPAK\fpga-writer\QuartusII\nios2\nios2_system.qsys --synthesis=VHDL --output-directory=C:\Users\ohnaka\work\github\X68k-KeplerX-RTL\GreenPAK\fpga-writer\QuartusII\nios2\nios2_system\synthesis --family="Cyclone IV E" --part=EP4CE22F17C6
Progress: Loading nios2/nios2_system.qsys
Progress: Reading input file
Progress: Adding clk_0 [clock_source 21.1]
Progress: Parameterizing module clk_0
Progress: Adding jtag_uart [altera_avalon_jtag_uart 21.1]
Progress: Parameterizing module jtag_uart
Progress: Adding nios2_cpu [altera_nios2_gen2 21.1]
Progress: Parameterizing module nios2_cpu
Progress: Adding onchip_memory [altera_avalon_onchip_memory2 21.1]
Progress: Parameterizing module onchip_memory
Progress: Adding pio_dipsw [altera_avalon_pio 21.1]
Progress: Parameterizing module pio_dipsw
Progress: Adding pio_led [altera_avalon_pio 21.1]
Progress: Parameterizing module pio_led
Progress: Building connections
Progress: Parameterizing connections
Progress: Validating
Progress: Done reading input file
Info: nios2_system.jtag_uart: JTAG UART IP input clock need to be at least double (2x) the operating frequency of JTAG TCK on board
Info: nios2_system.pio_dipsw: PIO inputs are not hardwired in test bench. Undefined values will be read from PIO inputs during simulation.
Info: nios2_system: Generating nios2_system "nios2_system" for QUARTUS_SYNTH
Info: jtag_uart: Starting RTL generation for module 'nios2_system_jtag_uart'
Info: jtag_uart:   Generation command is [exec C:/intelfpga_lite/21.1/quartus/bin64/perl/bin/perl.exe -I C:/intelfpga_lite/21.1/quartus/bin64/perl/lib -I C:/intelfpga_lite/21.1/quartus/sopc_builder/bin/europa -I C:/intelfpga_lite/21.1/quartus/sopc_builder/bin -I C:/intelfpga_lite/21.1/quartus/../ip/altera/sopc_builder_ip/common -I C:/intelfpga_lite/21.1/quartus/../ip/altera/sopc_builder_ip/altera_avalon_jtag_uart -- C:/intelfpga_lite/21.1/quartus/../ip/altera/sopc_builder_ip/altera_avalon_jtag_uart/generate_rtl.pl --name=nios2_system_jtag_uart --dir=C:/Users/ohnaka/AppData/Local/Temp/alt9442_8461273780422277440.dir/0002_jtag_uart_gen/ --quartus_dir=C:/intelfpga_lite/21.1/quartus --verilog --config=C:/Users/ohnaka/AppData/Local/Temp/alt9442_8461273780422277440.dir/0002_jtag_uart_gen//nios2_system_jtag_uart_component_configuration.pl  --do_build_sim=0  ]
Info: jtag_uart: Done RTL generation for module 'nios2_system_jtag_uart'
Info: jtag_uart: "nios2_system" instantiated altera_avalon_jtag_uart "jtag_uart"
Info: nios2_cpu: "nios2_system" instantiated altera_nios2_gen2 "nios2_cpu"
Info: onchip_memory: Starting RTL generation for module 'nios2_system_onchip_memory'
Info: onchip_memory:   Generation command is [exec C:/intelfpga_lite/21.1/quartus/bin64/perl/bin/perl.exe -I C:/intelfpga_lite/21.1/quartus/bin64/perl/lib -I C:/intelfpga_lite/21.1/quartus/sopc_builder/bin/europa -I C:/intelfpga_lite/21.1/quartus/sopc_builder/bin -I C:/intelfpga_lite/21.1/quartus/../ip/altera/sopc_builder_ip/common -I C:/intelfpga_lite/21.1/quartus/../ip/altera/sopc_builder_ip/altera_avalon_onchip_memory2 -- C:/intelfpga_lite/21.1/quartus/../ip/altera/sopc_builder_ip/altera_avalon_onchip_memory2/generate_rtl.pl --name=nios2_system_onchip_memory --dir=C:/Users/ohnaka/AppData/Local/Temp/alt9442_8461273780422277440.dir/0003_onchip_memory_gen/ --quartus_dir=C:/intelfpga_lite/21.1/quartus --verilog --config=C:/Users/ohnaka/AppData/Local/Temp/alt9442_8461273780422277440.dir/0003_onchip_memory_gen//nios2_system_onchip_memory_component_configuration.pl  --do_build_sim=0  ]
Info: onchip_memory: Done RTL generation for module 'nios2_system_onchip_memory'
Info: onchip_memory: "nios2_system" instantiated altera_avalon_onchip_memory2 "onchip_memory"
Info: pio_dipsw: Starting RTL generation for module 'nios2_system_pio_dipsw'
Info: pio_dipsw:   Generation command is [exec C:/intelfpga_lite/21.1/quartus/bin64/perl/bin/perl.exe -I C:/intelfpga_lite/21.1/quartus/bin64/perl/lib -I C:/intelfpga_lite/21.1/quartus/sopc_builder/bin/europa -I C:/intelfpga_lite/21.1/quartus/sopc_builder/bin -I C:/intelfpga_lite/21.1/quartus/../ip/altera/sopc_builder_ip/common -I C:/intelfpga_lite/21.1/quartus/../ip/altera/sopc_builder_ip/altera_avalon_pio -- C:/intelfpga_lite/21.1/quartus/../ip/altera/sopc_builder_ip/altera_avalon_pio/generate_rtl.pl --name=nios2_system_pio_dipsw --dir=C:/Users/ohnaka/AppData/Local/Temp/alt9442_8461273780422277440.dir/0004_pio_dipsw_gen/ --quartus_dir=C:/intelfpga_lite/21.1/quartus --verilog --config=C:/Users/ohnaka/AppData/Local/Temp/alt9442_8461273780422277440.dir/0004_pio_dipsw_gen//nios2_system_pio_dipsw_component_configuration.pl  --do_build_sim=0  ]
Info: pio_dipsw: Done RTL generation for module 'nios2_system_pio_dipsw'
Info: pio_dipsw: "nios2_system" instantiated altera_avalon_pio "pio_dipsw"
Info: pio_led: Starting RTL generation for module 'nios2_system_pio_led'
Info: pio_led:   Generation command is [exec C:/intelfpga_lite/21.1/quartus/bin64/perl/bin/perl.exe -I C:/intelfpga_lite/21.1/quartus/bin64/perl/lib -I C:/intelfpga_lite/21.1/quartus/sopc_builder/bin/europa -I C:/intelfpga_lite/21.1/quartus/sopc_builder/bin -I C:/intelfpga_lite/21.1/quartus/../ip/altera/sopc_builder_ip/common -I C:/intelfpga_lite/21.1/quartus/../ip/altera/sopc_builder_ip/altera_avalon_pio -- C:/intelfpga_lite/21.1/quartus/../ip/altera/sopc_builder_ip/altera_avalon_pio/generate_rtl.pl --name=nios2_system_pio_led --dir=C:/Users/ohnaka/AppData/Local/Temp/alt9442_8461273780422277440.dir/0005_pio_led_gen/ --quartus_dir=C:/intelfpga_lite/21.1/quartus --verilog --config=C:/Users/ohnaka/AppData/Local/Temp/alt9442_8461273780422277440.dir/0005_pio_led_gen//nios2_system_pio_led_component_configuration.pl  --do_build_sim=0  ]
Info: pio_led: Done RTL generation for module 'nios2_system_pio_led'
Info: pio_led: "nios2_system" instantiated altera_avalon_pio "pio_led"
Info: avalon_st_adapter: Inserting error_adapter: error_adapter_0
Info: avalon_st_adapter_001: Inserting error_adapter: error_adapter_0
Info: avalon_st_adapter_002: Inserting error_adapter: error_adapter_0
Info: avalon_st_adapter_003: Inserting error_adapter: error_adapter_0
Info: avalon_st_adapter_004: Inserting error_adapter: error_adapter_0
Info: mm_interconnect_0: "nios2_system" instantiated altera_mm_interconnect "mm_interconnect_0"
Info: irq_mapper: "nios2_system" instantiated altera_irq_mapper "irq_mapper"
Info: rst_controller: "nios2_system" instantiated altera_reset_controller "rst_controller"
Info: cpu: Starting RTL generation for module 'nios2_system_nios2_cpu_cpu'
Info: cpu:   Generation command is [exec C:/intelFPGA_lite/21.1/quartus/bin64//perl/bin/perl.exe -I C:/intelFPGA_lite/21.1/quartus/bin64//perl/lib -I C:/intelfpga_lite/21.1/quartus/sopc_builder/bin/europa -I C:/intelfpga_lite/21.1/quartus/sopc_builder/bin -I C:/intelfpga_lite/21.1/quartus/../ip/altera/nios2_ip/altera_nios2_gen2/cpu_lib -I C:/intelfpga_lite/21.1/quartus/../ip/altera/nios2_ip/altera_nios2_gen2/nios_lib -I C:/intelfpga_lite/21.1/quartus/../ip/altera/nios2_ip/altera_nios2_gen2 -I C:/intelfpga_lite/21.1/quartus/../ip/altera/nios2_ip/altera_nios2_gen2 -- C:/intelfpga_lite/21.1/quartus/../ip/altera/nios2_ip/altera_nios2_gen2/generate_rtl.pl --name=nios2_system_nios2_cpu_cpu --dir=C:/Users/ohnaka/AppData/Local/Temp/alt9442_8461273780422277440.dir/0008_cpu_gen/ --quartus_bindir=C:/intelFPGA_lite/21.1/quartus/bin64/ --verilog --config=C:/Users/ohnaka/AppData/Local/Temp/alt9442_8461273780422277440.dir/0008_cpu_gen//nios2_system_nios2_cpu_cpu_processor_configuration.pl  --do_build_sim=0  ]
Info: cpu: # 2023.03.26 13:27:00 (*) Starting Nios II generation
Info: cpu: # 2023.03.26 13:27:00 (*)   Elaborating CPU configuration settings
Info: cpu: # 2023.03.26 13:27:00 (*)   Creating all objects for CPU
Info: cpu: # 2023.03.26 13:27:01 (*)   Generating RTL from CPU objects
Info: cpu: # 2023.03.26 13:27:01 (*)   Creating plain-text RTL
Info: cpu: # 2023.03.26 13:27:01 (*) Done Nios II generation
Info: cpu: Done RTL generation for module 'nios2_system_nios2_cpu_cpu'
Info: cpu: "nios2_cpu" instantiated altera_nios2_gen2_unit "cpu"
Info: nios2_cpu_data_master_translator: "mm_interconnect_0" instantiated altera_merlin_master_translator "nios2_cpu_data_master_translator"
Info: jtag_uart_avalon_jtag_slave_translator: "mm_interconnect_0" instantiated altera_merlin_slave_translator "jtag_uart_avalon_jtag_slave_translator"
Info: nios2_cpu_data_master_agent: "mm_interconnect_0" instantiated altera_merlin_master_agent "nios2_cpu_data_master_agent"
Info: jtag_uart_avalon_jtag_slave_agent: "mm_interconnect_0" instantiated altera_merlin_slave_agent "jtag_uart_avalon_jtag_slave_agent"
Info: jtag_uart_avalon_jtag_slave_agent_rsp_fifo: "mm_interconnect_0" instantiated altera_avalon_sc_fifo "jtag_uart_avalon_jtag_slave_agent_rsp_fifo"
Info: router: "mm_interconnect_0" instantiated altera_merlin_router "router"
Info: router_001: "mm_interconnect_0" instantiated altera_merlin_router "router_001"
Info: router_002: "mm_interconnect_0" instantiated altera_merlin_router "router_002"
Info: router_003: "mm_interconnect_0" instantiated altera_merlin_router "router_003"
Info: cmd_demux: "mm_interconnect_0" instantiated altera_merlin_demultiplexer "cmd_demux"
Info: cmd_demux_001: "mm_interconnect_0" instantiated altera_merlin_demultiplexer "cmd_demux_001"
Info: cmd_mux: "mm_interconnect_0" instantiated altera_merlin_multiplexer "cmd_mux"
Info: cmd_mux_001: "mm_interconnect_0" instantiated altera_merlin_multiplexer "cmd_mux_001"
Info: Reusing file C:/Users/ohnaka/work/github/X68k-KeplerX-RTL/GreenPAK/fpga-writer/QuartusII/nios2/nios2_system/synthesis/submodules/altera_merlin_arbitrator.sv
Info: rsp_demux: "mm_interconnect_0" instantiated altera_merlin_demultiplexer "rsp_demux"
Info: rsp_mux: "mm_interconnect_0" instantiated altera_merlin_multiplexer "rsp_mux"
Info: Reusing file C:/Users/ohnaka/work/github/X68k-KeplerX-RTL/GreenPAK/fpga-writer/QuartusII/nios2/nios2_system/synthesis/submodules/altera_merlin_arbitrator.sv
Info: rsp_mux_001: "mm_interconnect_0" instantiated altera_merlin_multiplexer "rsp_mux_001"
Info: Reusing file C:/Users/ohnaka/work/github/X68k-KeplerX-RTL/GreenPAK/fpga-writer/QuartusII/nios2/nios2_system/synthesis/submodules/altera_merlin_arbitrator.sv
Info: avalon_st_adapter: "mm_interconnect_0" instantiated altera_avalon_st_adapter "avalon_st_adapter"
Info: error_adapter_0: "avalon_st_adapter" instantiated error_adapter "error_adapter_0"
Info: nios2_system: Done "nios2_system" with 28 modules, 41 files
Info: qsys-generate succeeded.
Info: Finished: Create HDL design files for synthesis
