15:01:36 **** Incremental Build of configuration Nios II for project GreenPAKWriter ****
wsl make all 
Info: Building /mnt/c/Users/ohnaka/work/github/X68k-KeplerX-RTL/GreenPAK/fpga-writer/Eclipse/GreenPAKWriter_BSP/
make --no-print-directory -C /mnt/c/Users/ohnaka/work/github/X68k-KeplerX-RTL/GreenPAK/fpga-writer/Eclipse/GreenPAKWriter_BSP/
[BSP build complete]
Info: Compiling main.c to obj/default/main.o
nios2-elf-gcc.exe -xc -MP -MMD -c -Ic:/Users/ohnaka/work/github/X68k-KeplerX-RTL/GreenPAK/fpga-writer/Eclipse/GreenPAKWriter_BSP//HAL/inc -Ic:/Users/ohnaka/work/github/X68k-KeplerX-RTL/GreenPAK/fpga-writer/Eclipse/GreenPAKWriter_BSP/ -Ic:/Users/ohnaka/work/github/X68k-KeplerX-RTL/GreenPAK/fpga-writer/Eclipse/GreenPAKWriter_BSP//drivers/inc  -pipe -D__hal__ -DALT_NO_INSTRUCTION_EMULATION -DALT_USE_SMALL_DRIVERS -DSMALL_C_LIB -DALT_SINGLE_THREADED    -O0 -g -Wall   -mno-hw-div -mno-hw-mul -mno-hw-mulx -mgpopt=global  -o "obj/default/main.o" "main.c"
main.c: In function 'main':
main.c:349:20: warning: passing argument 1 of 'read_gp_nvm' from incompatible pointer type [-Wincompatible-pointer-types]
  349 |  ret = read_gp_nvm(&buf);
      |                    ^~~~
      |                    |
      |                    char (*)[256]
main.c:231:23: note: expected 'char *' but argument is of type 'char (*)[256]'
  231 | int read_gp_nvm(char *buf)
      |                 ~~~~~~^~~
main.c:356:7: warning: passing argument 1 of 'dump' from incompatible pointer type [-Wincompatible-pointer-types]
  356 |  dump(&buf, 256);
      |       ^~~~
      |       |
      |       char (*)[256]
main.c:307:26: note: expected 'unsigned char *' but argument is of type 'char (*)[256]'
  307 | void dump(unsigned char *adr, int size)
      |           ~~~~~~~~~~~~~~~^~~
main.c: In function 'init':
main.c:225:1: warning: control reaches end of non-void function [-Wreturn-type]
  225 | }
      | ^
Info: Linking GreenPAKWriter.elf
nios2-elf-g++.exe  -T'c:/Users/ohnaka/work/github/X68k-KeplerX-RTL/GreenPAK/fpga-writer/Eclipse/GreenPAKWriter_BSP//linker.x' -msys-crt0='c:/Users/ohnaka/work/github/X68k-KeplerX-RTL/GreenPAK/fpga-writer/Eclipse/GreenPAKWriter_BSP//obj/HAL/src/crt0.o' -msys-lib=hal_bsp -Lc:/Users/ohnaka/work/github/X68k-KeplerX-RTL/GreenPAK/fpga-writer/Eclipse/GreenPAKWriter_BSP/  -msmallc  -Wl,-Map=GreenPAKWriter.map   -O0 -g -Wall   -mno-hw-div -mno-hw-mul -mno-hw-mulx -mgpopt=global  -o GreenPAKWriter.elf obj/default/main.o -lm -msys-lib=m
nios2-elf-insert.exe GreenPAKWriter.elf --thread_model hal --cpu_name nios2_cpu --qsys true --simulation_enabled false --id 0 --sidp 0x4f000 --timestamp 1683004644 --stderr_dev jtag_uart --stdin_dev jtag_uart --stdout_dev jtag_uart --sopc_system_name nios2_system
Info: (GreenPAKWriter.elf) 30 KBytes program size (code + initialized data).
Info:                      976 Bytes free for stack + heap.
Info: Creating GreenPAKWriter.objdump
nios2-elf-objdump.exe --disassemble --syms --all-header GreenPAKWriter.elf >GreenPAKWriter.objdump
[GreenPAKWriter build complete]

15:01:39 Build Finished (took 3s.74ms)

